<?xml version="1.0" encoding="UTF-8"?>
<!-- Generated by org.testng.reporters.JUnitXMLReporter -->
<testsuite ignored="0" hostname="SEZ-DESK-159" failures="1" tests="4" name="Test" time="182.1" errors="0" timestamp="05 Apr 2022 13:39:29 GMT">
  <testcase classname="Wishup.Wishup_Login.Login" name="loginFuncationality" time="41.04"/>
  <testcase classname="Wishup.Wishup_Login.Login" name="loginFuncationality" time="33.08">
    <failure type="java.lang.AssertionError" message="expected [Please correct error in form
Your credentials do not match. Forgot password? Click here to reset your password] but found [Please correct error in form
Your credentials do not match. Forgot password? Click here to reset your password]">
      <![CDATA[java.lang.AssertionError: expected [Please correct error in form
Your credentials do not match. Forgot password? Click here to reset your password] but found [Please correct error in form
Your credentials do not match. Forgot password? Click here to reset your password]
	at Wishup.Wishup_Login.Login.loginFuncationality(Login.java:39)
... Removed 31 stack frames]]>
    </failure>
  </testcase> <!-- loginFuncationality -->
  <testcase classname="Wishup.Wishup_Login.Login" name="loginFuncationality" time="31.676"/>
  <testcase classname="Wishup.Wishup_Login.Login" name="loginFuncationality" time="33.38"/>
</testsuite> <!-- Test -->
