<?xml version="1.0" encoding="UTF-8"?>
<!-- Generated by org.testng.reporters.JUnitReportReporter -->
<testsuite hostname="SEZ-DESK-159" failures="1" tests="4" name="Wishup.Wishup_Login.Invalidlogin" time="93.038" errors="0" timestamp="05 Apr 2022 13:31:35 GMT" skipped="0">
  <testcase classname="Wishup.Wishup_Login.Invalidlogin" name="loginFuncationality" time="16.180"/>
  <testcase classname="Wishup.Wishup_Login.Invalidlogin" name="loginFuncationality" time="34.543"/>
  <testcase classname="Wishup.Wishup_Login.Invalidlogin" name="loginFuncationality" time="21.049"/>
  <testcase classname="Wishup.Wishup_Login.Invalidlogin" name="loginFuncationality" time="21.266">
    <failure message="expected [Please correct error in form
Your credentials do not match. Forgot password? Click here to reset your password] but found [Please correct error in form
Your credentials do not match. Forgot password? Click here to reset your password]" type="java.lang.AssertionError">
      <![CDATA[java.lang.AssertionError: expected [Please correct error in form
Your credentials do not match. Forgot password? Click here to reset your password] but found [Please correct error in form
Your credentials do not match. Forgot password? Click here to reset your password]
	at org.testng.Assert.fail(Assert.java:93)
	at org.testng.Assert.failNotEquals(Assert.java:512)
	at org.testng.Assert.assertEqualsImpl(Assert.java:134)
	at org.testng.Assert.assertEquals(Assert.java:115)
	at org.testng.Assert.assertEquals(Assert.java:189)
	at org.testng.Assert.assertEquals(Assert.java:199)
	at Wishup.Wishup_Login.Invalidlogin.loginFuncationality(Invalidlogin.java:37)
	at java.base/jdk.internal.reflect.NativeMethodAccessorImpl.invoke0(Native Method)
	at java.base/jdk.internal.reflect.NativeMethodAccessorImpl.invoke(NativeMethodAccessorImpl.java:62)
	at java.base/jdk.internal.reflect.DelegatingMethodAccessorImpl.invoke(DelegatingMethodAccessorImpl.java:43)
	at java.base/java.lang.reflect.Method.invoke(Method.java:566)
	at org.testng.internal.MethodInvocationHelper.invokeMethod(MethodInvocationHelper.java:108)
	at org.testng.internal.Invoker.invokeMethod(Invoker.java:661)
	at org.testng.internal.Invoker.invokeTestMethod(Invoker.java:869)
	at org.testng.internal.Invoker.invokeTestMethods(Invoker.java:1193)
	at org.testng.internal.TestMethodWorker.invokeTestMethods(TestMethodWorker.java:126)
	at org.testng.internal.TestMethodWorker.run(TestMethodWorker.java:109)
	at org.testng.TestRunner.privateRun(TestRunner.java:744)
	at org.testng.TestRunner.run(TestRunner.java:602)
	at org.testng.SuiteRunner.runTest(SuiteRunner.java:380)
	at org.testng.SuiteRunner.runSequentially(SuiteRunner.java:375)
	at org.testng.SuiteRunner.privateRun(SuiteRunner.java:340)
	at org.testng.SuiteRunner.run(SuiteRunner.java:289)
	at org.testng.SuiteRunnerWorker.runSuite(SuiteRunnerWorker.java:52)
	at org.testng.SuiteRunnerWorker.run(SuiteRunnerWorker.java:86)
	at org.testng.TestNG.runSuitesSequentially(TestNG.java:1301)
	at org.testng.TestNG.runSuitesLocally(TestNG.java:1226)
	at org.testng.TestNG.runSuites(TestNG.java:1144)
	at org.testng.TestNG.run(TestNG.java:1115)
	at org.testng.remote.AbstractRemoteTestNG.run(AbstractRemoteTestNG.java:132)
	at org.testng.remote.RemoteTestNG.initAndRun(RemoteTestNG.java:230)
	at org.testng.remote.RemoteTestNG.main(RemoteTestNG.java:76)
]]>
    </failure>
  </testcase> <!-- loginFuncationality -->
</testsuite> <!-- Wishup.Wishup_Login.Invalidlogin -->
